<?xml version="1.0" encoding="UTF-8"?>
<testsuite xmlns:xsi="http://www.w3.org/2001/XMLSchema-instance" xsi:noNamespaceSchemaLocation="https://maven.apache.org/surefire/maven-surefire-plugin/xsd/surefire-test-report-3.0.xsd" version="3.0" name="com.backend.foodProject.FoodProjectRepositoryTests" time="5.941" tests="20" errors="0" skipped="0" failures="0">
  <properties>
    <property name="java.specification.version" value="17"/>
    <property name="sun.cpu.isalist" value="amd64"/>
    <property name="sun.jnu.encoding" value="Cp1252"/>
    <property name="java.class.path" value="C:\Users\Administrator\Desktop\project\foodProjectSpringBoot\target\test-classes;C:\Users\Administrator\Desktop\project\foodProjectSpringBoot\target\classes;C:\repo\org\springframework\boot\spring-boot-starter\3.2.4\spring-boot-starter-3.2.4.jar;C:\repo\org\springframework\boot\spring-boot\3.2.4\spring-boot-3.2.4.jar;C:\repo\org\springframework\boot\spring-boot-autoconfigure\3.2.4\spring-boot-autoconfigure-3.2.4.jar;C:\repo\org\springframework\boot\spring-boot-starter-logging\3.2.4\spring-boot-starter-logging-3.2.4.jar;C:\repo\ch\qos\logback\logback-classic\1.4.14\logback-classic-1.4.14.jar;C:\repo\ch\qos\logback\logback-core\1.4.14\logback-core-1.4.14.jar;C:\repo\org\apache\logging\log4j\log4j-to-slf4j\2.21.1\log4j-to-slf4j-2.21.1.jar;C:\repo\org\apache\logging\log4j\log4j-api\2.21.1\log4j-api-2.21.1.jar;C:\repo\org\slf4j\jul-to-slf4j\2.0.12\jul-to-slf4j-2.0.12.jar;C:\repo\jakarta\annotation\jakarta.annotation-api\2.1.1\jakarta.annotation-api-2.1.1.jar;C:\repo\org\springframework\spring-core\6.1.5\spring-core-6.1.5.jar;C:\repo\org\springframework\spring-jcl\6.1.5\spring-jcl-6.1.5.jar;C:\repo\org\yaml\snakeyaml\2.2\snakeyaml-2.2.jar;C:\repo\com\microsoft\sqlserver\mssql-jdbc\12.6.1.jre11\mssql-jdbc-12.6.1.jre11.jar;C:\repo\org\json\json\20231013\json-20231013.jar;C:\repo\org\springframework\boot\spring-boot-starter-web\3.2.4\spring-boot-starter-web-3.2.4.jar;C:\repo\org\springframework\boot\spring-boot-starter-json\3.2.4\spring-boot-starter-json-3.2.4.jar;C:\repo\com\fasterxml\jackson\core\jackson-databind\2.15.4\jackson-databind-2.15.4.jar;C:\repo\com\fasterxml\jackson\core\jackson-annotations\2.15.4\jackson-annotations-2.15.4.jar;C:\repo\com\fasterxml\jackson\core\jackson-core\2.15.4\jackson-core-2.15.4.jar;C:\repo\com\fasterxml\jackson\datatype\jackson-datatype-jdk8\2.15.4\jackson-datatype-jdk8-2.15.4.jar;C:\repo\com\fasterxml\jackson\datatype\jackson-datatype-jsr310\2.15.4\jackson-datatype-jsr310-2.15.4.jar;C:\repo\com\fasterxml\jackson\module\jackson-module-parameter-names\2.15.4\jackson-module-parameter-names-2.15.4.jar;C:\repo\org\springframework\boot\spring-boot-starter-tomcat\3.2.4\spring-boot-starter-tomcat-3.2.4.jar;C:\repo\org\apache\tomcat\embed\tomcat-embed-core\10.1.19\tomcat-embed-core-10.1.19.jar;C:\repo\org\apache\tomcat\embed\tomcat-embed-el\10.1.19\tomcat-embed-el-10.1.19.jar;C:\repo\org\apache\tomcat\embed\tomcat-embed-websocket\10.1.19\tomcat-embed-websocket-10.1.19.jar;C:\repo\org\springframework\spring-web\6.1.5\spring-web-6.1.5.jar;C:\repo\org\springframework\spring-webmvc\6.1.5\spring-webmvc-6.1.5.jar;C:\repo\org\springframework\boot\spring-boot-starter-data-jpa\3.2.0\spring-boot-starter-data-jpa-3.2.0.jar;C:\repo\org\springframework\boot\spring-boot-starter-aop\3.2.4\spring-boot-starter-aop-3.2.4.jar;C:\repo\org\aspectj\aspectjweaver\1.9.21\aspectjweaver-1.9.21.jar;C:\repo\org\springframework\boot\spring-boot-starter-jdbc\3.2.4\spring-boot-starter-jdbc-3.2.4.jar;C:\repo\com\zaxxer\HikariCP\5.0.1\HikariCP-5.0.1.jar;C:\repo\org\springframework\spring-jdbc\6.1.5\spring-jdbc-6.1.5.jar;C:\repo\org\springframework\data\spring-data-jpa\3.2.4\spring-data-jpa-3.2.4.jar;C:\repo\org\springframework\data\spring-data-commons\3.2.4\spring-data-commons-3.2.4.jar;C:\repo\org\springframework\spring-orm\6.1.5\spring-orm-6.1.5.jar;C:\repo\org\springframework\spring-tx\6.1.5\spring-tx-6.1.5.jar;C:\repo\org\slf4j\slf4j-api\2.0.12\slf4j-api-2.0.12.jar;C:\repo\org\springframework\spring-aspects\6.1.5\spring-aspects-6.1.5.jar;C:\repo\org\hibernate\orm\hibernate-core\6.4.4.Final\hibernate-core-6.4.4.Final.jar;C:\repo\jakarta\persistence\jakarta.persistence-api\3.1.0\jakarta.persistence-api-3.1.0.jar;C:\repo\jakarta\transaction\jakarta.transaction-api\2.0.1\jakarta.transaction-api-2.0.1.jar;C:\repo\org\jboss\logging\jboss-logging\3.5.3.Final\jboss-logging-3.5.3.Final.jar;C:\repo\org\hibernate\common\hibernate-commons-annotations\6.0.6.Final\hibernate-commons-annotations-6.0.6.Final.jar;C:\repo\io\smallrye\jandex\3.1.2\jandex-3.1.2.jar;C:\repo\com\fasterxml\classmate\1.6.0\classmate-1.6.0.jar;C:\repo\net\bytebuddy\byte-buddy\1.14.12\byte-buddy-1.14.12.jar;C:\repo\jakarta\xml\bind\jakarta.xml.bind-api\4.0.2\jakarta.xml.bind-api-4.0.2.jar;C:\repo\jakarta\activation\jakarta.activation-api\2.1.3\jakarta.activation-api-2.1.3.jar;C:\repo\org\glassfish\jaxb\jaxb-runtime\4.0.5\jaxb-runtime-4.0.5.jar;C:\repo\org\glassfish\jaxb\jaxb-core\4.0.5\jaxb-core-4.0.5.jar;C:\repo\org\eclipse\angus\angus-activation\2.0.2\angus-activation-2.0.2.jar;C:\repo\org\glassfish\jaxb\txw2\4.0.5\txw2-4.0.5.jar;C:\repo\com\sun\istack\istack-commons-runtime\4.1.2\istack-commons-runtime-4.1.2.jar;C:\repo\jakarta\inject\jakarta.inject-api\2.0.1\jakarta.inject-api-2.0.1.jar;C:\repo\org\antlr\antlr4-runtime\4.13.0\antlr4-runtime-4.13.0.jar;C:\repo\com\oracle\database\jdbc\ojdbc11\21.9.0.0\ojdbc11-21.9.0.0.jar;C:\repo\org\springframework\boot\spring-boot-starter-test\3.2.4\spring-boot-starter-test-3.2.4.jar;C:\repo\org\springframework\boot\spring-boot-test\3.2.4\spring-boot-test-3.2.4.jar;C:\repo\org\springframework\boot\spring-boot-test-autoconfigure\3.2.4\spring-boot-test-autoconfigure-3.2.4.jar;C:\repo\com\jayway\jsonpath\json-path\2.9.0\json-path-2.9.0.jar;C:\repo\net\minidev\json-smart\2.5.0\json-smart-2.5.0.jar;C:\repo\net\minidev\accessors-smart\2.5.0\accessors-smart-2.5.0.jar;C:\repo\org\ow2\asm\asm\9.3\asm-9.3.jar;C:\repo\org\assertj\assertj-core\3.24.2\assertj-core-3.24.2.jar;C:\repo\org\awaitility\awaitility\4.2.0\awaitility-4.2.0.jar;C:\repo\org\hamcrest\hamcrest\2.2\hamcrest-2.2.jar;C:\repo\org\junit\jupiter\junit-jupiter\5.10.2\junit-jupiter-5.10.2.jar;C:\repo\org\junit\jupiter\junit-jupiter-api\5.10.2\junit-jupiter-api-5.10.2.jar;C:\repo\org\opentest4j\opentest4j\1.3.0\opentest4j-1.3.0.jar;C:\repo\org\junit\platform\junit-platform-commons\1.10.2\junit-platform-commons-1.10.2.jar;C:\repo\org\apiguardian\apiguardian-api\1.1.2\apiguardian-api-1.1.2.jar;C:\repo\org\junit\jupiter\junit-jupiter-params\5.10.2\junit-jupiter-params-5.10.2.jar;C:\repo\org\junit\jupiter\junit-jupiter-engine\5.10.2\junit-jupiter-engine-5.10.2.jar;C:\repo\org\junit\platform\junit-platform-engine\1.10.2\junit-platform-engine-1.10.2.jar;C:\repo\org\mockito\mockito-junit-jupiter\5.7.0\mockito-junit-jupiter-5.7.0.jar;C:\repo\org\skyscreamer\jsonassert\1.5.1\jsonassert-1.5.1.jar;C:\repo\com\vaadin\external\google\android-json\0.0.20131108.vaadin1\android-json-0.0.20131108.vaadin1.jar;C:\repo\org\springframework\spring-test\6.1.5\spring-test-6.1.5.jar;C:\repo\org\xmlunit\xmlunit-core\2.9.1\xmlunit-core-2.9.1.jar;C:\repo\org\springframework\spring-context\6.1.5\spring-context-6.1.5.jar;C:\repo\org\springframework\spring-aop\6.1.5\spring-aop-6.1.5.jar;C:\repo\org\springframework\spring-beans\6.1.5\spring-beans-6.1.5.jar;C:\repo\org\springframework\spring-expression\6.1.5\spring-expression-6.1.5.jar;C:\repo\io\micrometer\micrometer-observation\1.12.4\micrometer-observation-1.12.4.jar;C:\repo\io\micrometer\micrometer-commons\1.12.4\micrometer-commons-1.12.4.jar;C:\repo\org\mockito\mockito-core\5.7.0\mockito-core-5.7.0.jar;C:\repo\net\bytebuddy\byte-buddy-agent\1.14.12\byte-buddy-agent-1.14.12.jar;C:\repo\org\objenesis\objenesis\3.3\objenesis-3.3.jar;C:\repo\com\h2database\h2\2.2.224\h2-2.2.224.jar;"/>
    <property name="java.vm.vendor" value="Amazon.com Inc."/>
    <property name="sun.arch.data.model" value="64"/>
    <property name="user.variant" value=""/>
    <property name="java.vendor.url" value="https://aws.amazon.com/corretto/"/>
    <property name="user.timezone" value="Asia/Singapore"/>
    <property name="org.jboss.logging.provider" value="slf4j"/>
    <property name="os.name" value="Windows 10"/>
    <property name="java.vm.specification.version" value="17"/>
    <property name="sun.java.launcher" value="SUN_STANDARD"/>
    <property name="user.country" value="SG"/>
    <property name="sun.boot.library.path" value="C:\Program Files\Java\jdk17.0.9_8\bin"/>
    <property name="sun.java.command" value="C:\Users\Administrator\AppData\Local\Temp\surefire14078175264156199131\surefirebooter-20240401104757575_3.jar C:\Users\Administrator\AppData\Local\Temp\surefire14078175264156199131 2024-04-01T10-47-57_428-jvmRun1 surefire-20240401104757575_1tmp surefire_0-20240401104757575_2tmp"/>
    <property name="jdk.debug" value="release"/>
    <property name="surefire.test.class.path" value="C:\Users\Administrator\Desktop\project\foodProjectSpringBoot\target\test-classes;C:\Users\Administrator\Desktop\project\foodProjectSpringBoot\target\classes;C:\repo\org\springframework\boot\spring-boot-starter\3.2.4\spring-boot-starter-3.2.4.jar;C:\repo\org\springframework\boot\spring-boot\3.2.4\spring-boot-3.2.4.jar;C:\repo\org\springframework\boot\spring-boot-autoconfigure\3.2.4\spring-boot-autoconfigure-3.2.4.jar;C:\repo\org\springframework\boot\spring-boot-starter-logging\3.2.4\spring-boot-starter-logging-3.2.4.jar;C:\repo\ch\qos\logback\logback-classic\1.4.14\logback-classic-1.4.14.jar;C:\repo\ch\qos\logback\logback-core\1.4.14\logback-core-1.4.14.jar;C:\repo\org\apache\logging\log4j\log4j-to-slf4j\2.21.1\log4j-to-slf4j-2.21.1.jar;C:\repo\org\apache\logging\log4j\log4j-api\2.21.1\log4j-api-2.21.1.jar;C:\repo\org\slf4j\jul-to-slf4j\2.0.12\jul-to-slf4j-2.0.12.jar;C:\repo\jakarta\annotation\jakarta.annotation-api\2.1.1\jakarta.annotation-api-2.1.1.jar;C:\repo\org\springframework\spring-core\6.1.5\spring-core-6.1.5.jar;C:\repo\org\springframework\spring-jcl\6.1.5\spring-jcl-6.1.5.jar;C:\repo\org\yaml\snakeyaml\2.2\snakeyaml-2.2.jar;C:\repo\com\microsoft\sqlserver\mssql-jdbc\12.6.1.jre11\mssql-jdbc-12.6.1.jre11.jar;C:\repo\org\json\json\20231013\json-20231013.jar;C:\repo\org\springframework\boot\spring-boot-starter-web\3.2.4\spring-boot-starter-web-3.2.4.jar;C:\repo\org\springframework\boot\spring-boot-starter-json\3.2.4\spring-boot-starter-json-3.2.4.jar;C:\repo\com\fasterxml\jackson\core\jackson-databind\2.15.4\jackson-databind-2.15.4.jar;C:\repo\com\fasterxml\jackson\core\jackson-annotations\2.15.4\jackson-annotations-2.15.4.jar;C:\repo\com\fasterxml\jackson\core\jackson-core\2.15.4\jackson-core-2.15.4.jar;C:\repo\com\fasterxml\jackson\datatype\jackson-datatype-jdk8\2.15.4\jackson-datatype-jdk8-2.15.4.jar;C:\repo\com\fasterxml\jackson\datatype\jackson-datatype-jsr310\2.15.4\jackson-datatype-jsr310-2.15.4.jar;C:\repo\com\fasterxml\jackson\module\jackson-module-parameter-names\2.15.4\jackson-module-parameter-names-2.15.4.jar;C:\repo\org\springframework\boot\spring-boot-starter-tomcat\3.2.4\spring-boot-starter-tomcat-3.2.4.jar;C:\repo\org\apache\tomcat\embed\tomcat-embed-core\10.1.19\tomcat-embed-core-10.1.19.jar;C:\repo\org\apache\tomcat\embed\tomcat-embed-el\10.1.19\tomcat-embed-el-10.1.19.jar;C:\repo\org\apache\tomcat\embed\tomcat-embed-websocket\10.1.19\tomcat-embed-websocket-10.1.19.jar;C:\repo\org\springframework\spring-web\6.1.5\spring-web-6.1.5.jar;C:\repo\org\springframework\spring-webmvc\6.1.5\spring-webmvc-6.1.5.jar;C:\repo\org\springframework\boot\spring-boot-starter-data-jpa\3.2.0\spring-boot-starter-data-jpa-3.2.0.jar;C:\repo\org\springframework\boot\spring-boot-starter-aop\3.2.4\spring-boot-starter-aop-3.2.4.jar;C:\repo\org\aspectj\aspectjweaver\1.9.21\aspectjweaver-1.9.21.jar;C:\repo\org\springframework\boot\spring-boot-starter-jdbc\3.2.4\spring-boot-starter-jdbc-3.2.4.jar;C:\repo\com\zaxxer\HikariCP\5.0.1\HikariCP-5.0.1.jar;C:\repo\org\springframework\spring-jdbc\6.1.5\spring-jdbc-6.1.5.jar;C:\repo\org\springframework\data\spring-data-jpa\3.2.4\spring-data-jpa-3.2.4.jar;C:\repo\org\springframework\data\spring-data-commons\3.2.4\spring-data-commons-3.2.4.jar;C:\repo\org\springframework\spring-orm\6.1.5\spring-orm-6.1.5.jar;C:\repo\org\springframework\spring-tx\6.1.5\spring-tx-6.1.5.jar;C:\repo\org\slf4j\slf4j-api\2.0.12\slf4j-api-2.0.12.jar;C:\repo\org\springframework\spring-aspects\6.1.5\spring-aspects-6.1.5.jar;C:\repo\org\hibernate\orm\hibernate-core\6.4.4.Final\hibernate-core-6.4.4.Final.jar;C:\repo\jakarta\persistence\jakarta.persistence-api\3.1.0\jakarta.persistence-api-3.1.0.jar;C:\repo\jakarta\transaction\jakarta.transaction-api\2.0.1\jakarta.transaction-api-2.0.1.jar;C:\repo\org\jboss\logging\jboss-logging\3.5.3.Final\jboss-logging-3.5.3.Final.jar;C:\repo\org\hibernate\common\hibernate-commons-annotations\6.0.6.Final\hibernate-commons-annotations-6.0.6.Final.jar;C:\repo\io\smallrye\jandex\3.1.2\jandex-3.1.2.jar;C:\repo\com\fasterxml\classmate\1.6.0\classmate-1.6.0.jar;C:\repo\net\bytebuddy\byte-buddy\1.14.12\byte-buddy-1.14.12.jar;C:\repo\jakarta\xml\bind\jakarta.xml.bind-api\4.0.2\jakarta.xml.bind-api-4.0.2.jar;C:\repo\jakarta\activation\jakarta.activation-api\2.1.3\jakarta.activation-api-2.1.3.jar;C:\repo\org\glassfish\jaxb\jaxb-runtime\4.0.5\jaxb-runtime-4.0.5.jar;C:\repo\org\glassfish\jaxb\jaxb-core\4.0.5\jaxb-core-4.0.5.jar;C:\repo\org\eclipse\angus\angus-activation\2.0.2\angus-activation-2.0.2.jar;C:\repo\org\glassfish\jaxb\txw2\4.0.5\txw2-4.0.5.jar;C:\repo\com\sun\istack\istack-commons-runtime\4.1.2\istack-commons-runtime-4.1.2.jar;C:\repo\jakarta\inject\jakarta.inject-api\2.0.1\jakarta.inject-api-2.0.1.jar;C:\repo\org\antlr\antlr4-runtime\4.13.0\antlr4-runtime-4.13.0.jar;C:\repo\com\oracle\database\jdbc\ojdbc11\21.9.0.0\ojdbc11-21.9.0.0.jar;C:\repo\org\springframework\boot\spring-boot-starter-test\3.2.4\spring-boot-starter-test-3.2.4.jar;C:\repo\org\springframework\boot\spring-boot-test\3.2.4\spring-boot-test-3.2.4.jar;C:\repo\org\springframework\boot\spring-boot-test-autoconfigure\3.2.4\spring-boot-test-autoconfigure-3.2.4.jar;C:\repo\com\jayway\jsonpath\json-path\2.9.0\json-path-2.9.0.jar;C:\repo\net\minidev\json-smart\2.5.0\json-smart-2.5.0.jar;C:\repo\net\minidev\accessors-smart\2.5.0\accessors-smart-2.5.0.jar;C:\repo\org\ow2\asm\asm\9.3\asm-9.3.jar;C:\repo\org\assertj\assertj-core\3.24.2\assertj-core-3.24.2.jar;C:\repo\org\awaitility\awaitility\4.2.0\awaitility-4.2.0.jar;C:\repo\org\hamcrest\hamcrest\2.2\hamcrest-2.2.jar;C:\repo\org\junit\jupiter\junit-jupiter\5.10.2\junit-jupiter-5.10.2.jar;C:\repo\org\junit\jupiter\junit-jupiter-api\5.10.2\junit-jupiter-api-5.10.2.jar;C:\repo\org\opentest4j\opentest4j\1.3.0\opentest4j-1.3.0.jar;C:\repo\org\junit\platform\junit-platform-commons\1.10.2\junit-platform-commons-1.10.2.jar;C:\repo\org\apiguardian\apiguardian-api\1.1.2\apiguardian-api-1.1.2.jar;C:\repo\org\junit\jupiter\junit-jupiter-params\5.10.2\junit-jupiter-params-5.10.2.jar;C:\repo\org\junit\jupiter\junit-jupiter-engine\5.10.2\junit-jupiter-engine-5.10.2.jar;C:\repo\org\junit\platform\junit-platform-engine\1.10.2\junit-platform-engine-1.10.2.jar;C:\repo\org\mockito\mockito-junit-jupiter\5.7.0\mockito-junit-jupiter-5.7.0.jar;C:\repo\org\skyscreamer\jsonassert\1.5.1\jsonassert-1.5.1.jar;C:\repo\com\vaadin\external\google\android-json\0.0.20131108.vaadin1\android-json-0.0.20131108.vaadin1.jar;C:\repo\org\springframework\spring-test\6.1.5\spring-test-6.1.5.jar;C:\repo\org\xmlunit\xmlunit-core\2.9.1\xmlunit-core-2.9.1.jar;C:\repo\org\springframework\spring-context\6.1.5\spring-context-6.1.5.jar;C:\repo\org\springframework\spring-aop\6.1.5\spring-aop-6.1.5.jar;C:\repo\org\springframework\spring-beans\6.1.5\spring-beans-6.1.5.jar;C:\repo\org\springframework\spring-expression\6.1.5\spring-expression-6.1.5.jar;C:\repo\io\micrometer\micrometer-observation\1.12.4\micrometer-observation-1.12.4.jar;C:\repo\io\micrometer\micrometer-commons\1.12.4\micrometer-commons-1.12.4.jar;C:\repo\org\mockito\mockito-core\5.7.0\mockito-core-5.7.0.jar;C:\repo\net\bytebuddy\byte-buddy-agent\1.14.12\byte-buddy-agent-1.14.12.jar;C:\repo\org\objenesis\objenesis\3.3\objenesis-3.3.jar;C:\repo\com\h2database\h2\2.2.224\h2-2.2.224.jar;"/>
    <property name="sun.cpu.endian" value="little"/>
    <property name="user.home" value="C:\Users\Administrator"/>
    <property name="user.language" value="en"/>
    <property name="java.specification.vendor" value="Oracle Corporation"/>
    <property name="java.version.date" value="2023-10-17"/>
    <property name="java.home" value="C:\Program Files\Java\jdk17.0.9_8"/>
    <property name="file.separator" value="\"/>
    <property name="basedir" value="C:\Users\Administrator\Desktop\project\foodProjectSpringBoot"/>
    <property name="java.vm.compressedOopsMode" value="Zero based"/>
    <property name="line.separator" value="&#10;"/>
    <property name="java.vm.specification.vendor" value="Oracle Corporation"/>
    <property name="java.specification.name" value="Java Platform API Specification"/>
    <property name="FILE_LOG_CHARSET" value="windows-1252"/>
    <property name="java.awt.headless" value="true"/>
    <property name="surefire.real.class.path" value="C:\Users\Administrator\AppData\Local\Temp\surefire14078175264156199131\surefirebooter-20240401104757575_3.jar"/>
    <property name="user.script" value=""/>
    <property name="sun.management.compiler" value="HotSpot 64-Bit Tiered Compilers"/>
    <property name="java.runtime.version" value="17.0.9+8-LTS"/>
    <property name="user.name" value="deepadmin"/>
    <property name="path.separator" value=";"/>
    <property name="os.version" value="10.0"/>
    <property name="java.runtime.name" value="OpenJDK Runtime Environment"/>
    <property name="file.encoding" value="Cp1252"/>
    <property name="java.vm.name" value="OpenJDK 64-Bit Server VM"/>
    <property name="java.vendor.version" value="Corretto-17.0.9.8.1"/>
    <property name="localRepository" value="C:\repo"/>
    <property name="java.vendor.url.bug" value="https://github.com/corretto/corretto-17/issues/"/>
    <property name="java.io.tmpdir" value="C:\Users\ADMINI~1\AppData\Local\Temp\"/>
    <property name="com.zaxxer.hikari.pool_number" value="1"/>
    <property name="java.version" value="17.0.9"/>
    <property name="user.dir" value="C:\Users\Administrator\Desktop\project\foodProjectSpringBoot"/>
    <property name="os.arch" value="amd64"/>
    <property name="java.vm.specification.name" value="Java Virtual Machine Specification"/>
    <property name="PID" value="19788"/>
    <property name="sun.os.patch.level" value=""/>
    <property name="CONSOLE_LOG_CHARSET" value="windows-1252"/>
    <property name="native.encoding" value="Cp1252"/>
    <property name="java.library.path" value="C:\Program Files\Java\jdk17.0.9_8\bin;C:\Windows\Sun\Java\bin;C:\Windows\system32;C:\Windows;C:\Python312\Scripts\;C:\Python312\;C:\Program Files\Common Files\Oracle\Java\javapath;C:\Program Files\IBM\MQ\java\lib;C:\Program Files\IBM\MQ\java\lib64;C:\Program Files\Java\jdk17.0.9_8\bin;C:\apache-maven-3.9.6\bin;C:\Program Files (x86)\Common Files\Oracle\Java\javapath;C:\Windows\system32;C:\Windows;C:\Windows\System32\Wbem;C:\Windows\System32\WindowsPowerShell\v1.0\;C:\Windows\System32\OpenSSH\;C:\Program Files\dotnet\;C:\Program Files (x86)\GnuPG\bin;C:\Program Files\Git\cmd;C:\Program Files\Docker\Docker\resources\bin;;C:\Program Files (x86)\Gpg4win\..\GnuPG\bin;C:\Program Files\IBM\MQ\bin64;C:\Program Files\IBM\MQ\bin;C:\Program Files\IBM\MQ\tools\c\samples\bin64;C:\Program Files\IBM\MQ\tools\c\samples\bin;C:\Program Files\nodejs\;C:\ProgramData\chocolatey\bin;C:\Program Files\Cloudflare\Cloudflare WARP\;C:\Users\Administrator\AppData\Local\Microsoft\WindowsApps;;C:\Users\Administrator\AppData\Local\Programs\Microsoft VS Code\bin;C:\Users\Administrator\AppData\Roaming\npm;."/>
    <property name="java.vm.info" value="mixed mode, sharing"/>
    <property name="java.vendor" value="Amazon.com Inc."/>
    <property name="java.vm.version" value="17.0.9+8-LTS"/>
    <property name="sun.io.unicode.encoding" value="UnicodeLittle"/>
    <property name="java.class.version" value="61.0"/>
  </properties>
  <testcase name="testUpdateUserNotFound" classname="com.backend.foodProject.FoodProjectRepositoryTests" time="0.095">
    <system-out><![CDATA[10:47:58.582 [main] INFO org.springframework.test.context.support.AnnotationConfigContextLoaderUtils -- Could not detect default configuration classes for test class [com.backend.foodProject.FoodProjectRepositoryTests]: FoodProjectRepositoryTests does not declare any static, non-private, non-final, nested classes annotated with @Configuration.
10:47:58.676 [main] INFO org.springframework.boot.test.context.SpringBootTestContextBootstrapper -- Found @SpringBootConfiguration com.backend.foodProject.FoodProjectApplication for test class com.backend.foodProject.FoodProjectRepositoryTests

  .   ____          _            __ _ _
 /\\ / ___'_ __ _ _(_)_ __  __ _ \ \ \ \
( ( )\___ | '_ | '_| | '_ \/ _` | \ \ \ \
 \\/  ___)| |_)| | | | | || (_| |  ) ) ) )
  '  |____| .__|_| |_|_| |_\__, | / / / /
 =========|_|==============|___/=/_/_/_/
 :: Spring Boot ::                (v3.2.4)

2024-04-01T10:47:59.061+08:00  WARN 19788 --- [           main] ory$DuplicateJsonObjectContextCustomizer : 

Found multiple occurrences of org.json.JSONObject on the class path:

	jar:file:/C:/repo/org/json/json/20231013/json-20231013.jar!/org/json/JSONObject.class
	jar:file:/C:/repo/com/vaadin/external/google/android-json/0.0.20131108.vaadin1/android-json-0.0.20131108.vaadin1.jar!/org/json/JSONObject.class

You may wish to exclude one of them to ensure predictable runtime behavior

2024-04-01T10:47:59.078+08:00  INFO 19788 --- [           main] c.b.f.FoodProjectRepositoryTests         : Starting FoodProjectRepositoryTests using Java 17.0.9 with PID 19788 (started by deepadmin in C:\Users\Administrator\Desktop\project\foodProjectSpringBoot)
2024-04-01T10:47:59.078+08:00  INFO 19788 --- [           main] c.b.f.FoodProjectRepositoryTests         : No active profile set, falling back to 1 default profile: "default"
2024-04-01T10:47:59.693+08:00  INFO 19788 --- [           main] .s.d.r.c.RepositoryConfigurationDelegate : Bootstrapping Spring Data JPA repositories in DEFAULT mode.
2024-04-01T10:47:59.772+08:00  INFO 19788 --- [           main] .s.d.r.c.RepositoryConfigurationDelegate : Finished Spring Data repository scanning in 69 ms. Found 5 JPA repository interfaces.
2024-04-01T10:48:00.233+08:00  INFO 19788 --- [           main] com.zaxxer.hikari.HikariDataSource       : HikariPool-1 - Starting...
2024-04-01T10:48:00.635+08:00  INFO 19788 --- [           main] com.zaxxer.hikari.pool.HikariPool        : HikariPool-1 - Added connection conn0: url=jdbc:h2:mem:testdb user=SA
2024-04-01T10:48:00.637+08:00  INFO 19788 --- [           main] com.zaxxer.hikari.HikariDataSource       : HikariPool-1 - Start completed.
2024-04-01T10:48:00.716+08:00  INFO 19788 --- [           main] o.hibernate.jpa.internal.util.LogHelper  : HHH000204: Processing PersistenceUnitInfo [name: default]
2024-04-01T10:48:00.780+08:00  INFO 19788 --- [           main] org.hibernate.Version                    : HHH000412: Hibernate ORM core version 6.4.4.Final
2024-04-01T10:48:00.816+08:00  INFO 19788 --- [           main] o.h.c.internal.RegionFactoryInitiator    : HHH000026: Second-level cache disabled
2024-04-01T10:48:01.184+08:00  INFO 19788 --- [           main] o.s.o.j.p.SpringPersistenceUnitInfo      : No LoadTimeWeaver setup: ignoring JPA class transformer
2024-04-01T10:48:01.235+08:00  WARN 19788 --- [           main] org.hibernate.orm.deprecation            : HHH90000025: H2Dialect does not need to be specified explicitly using 'hibernate.dialect' (remove the property setting and it will be selected by default)
2024-04-01T10:48:02.008+08:00  INFO 19788 --- [           main] o.h.e.t.j.p.i.JtaPlatformInitiator       : HHH000489: No JTA platform available (set 'hibernate.transaction.jta.platform' to enable JTA platform integration)
2024-04-01T10:48:02.042+08:00  INFO 19788 --- [           main] j.LocalContainerEntityManagerFactoryBean : Initialized JPA EntityManagerFactory for persistence unit 'default'
2024-04-01T10:48:02.298+08:00  INFO 19788 --- [           main] o.s.d.j.r.query.QueryEnhancerFactory     : Hibernate is in classpath; If applicable, HQL parser will be used.
2024-04-01T10:48:02.908+08:00  WARN 19788 --- [           main] JpaBaseConfiguration$JpaWebConfiguration : spring.jpa.open-in-view is enabled by default. Therefore, database queries may be performed during view rendering. Explicitly configure spring.jpa.open-in-view to disable this warning
2024-04-01T10:48:03.307+08:00  INFO 19788 --- [           main] c.b.f.FoodProjectRepositoryTests         : Started FoodProjectRepositoryTests in 4.463 seconds (process running for 5.606)
]]></system-out>
  </testcase>
  <testcase name="testGetAllFoods" classname="com.backend.foodProject.FoodProjectRepositoryTests" time="0.009"/>
  <testcase name="testGetAllUsers" classname="com.backend.foodProject.FoodProjectRepositoryTests" time="0.006"/>
  <testcase name="testLoginUser" classname="com.backend.foodProject.FoodProjectRepositoryTests" time="0.007"/>
  <testcase name="testUpdateFood" classname="com.backend.foodProject.FoodProjectRepositoryTests" time="0.008"/>
  <testcase name="testUpdateUser" classname="com.backend.foodProject.FoodProjectRepositoryTests" time="0.005"/>
  <testcase name="testAddStore" classname="com.backend.foodProject.FoodProjectRepositoryTests" time="0.007"/>
  <testcase name="testFindStoreById" classname="com.backend.foodProject.FoodProjectRepositoryTests" time="0.007"/>
  <testcase name="testGetAllOrders" classname="com.backend.foodProject.FoodProjectRepositoryTests" time="0.004"/>
  <testcase name="testGetAllStores" classname="com.backend.foodProject.FoodProjectRepositoryTests" time="0.004"/>
  <testcase name="testDeleteFoodNotFound" classname="com.backend.foodProject.FoodProjectRepositoryTests" time="0.006"/>
  <testcase name="testCreateFood" classname="com.backend.foodProject.FoodProjectRepositoryTests" time="0.004"/>
  <testcase name="testCreateUser" classname="com.backend.foodProject.FoodProjectRepositoryTests" time="0.004"/>
  <testcase name="testUpdateFoodNotFound" classname="com.backend.foodProject.FoodProjectRepositoryTests" time="0.004"/>
  <testcase name="testGetFoodItemsByStoreId" classname="com.backend.foodProject.FoodProjectRepositoryTests" time="0.005"/>
  <testcase name="testDeleteFood" classname="com.backend.foodProject.FoodProjectRepositoryTests" time="0.012"/>
  <testcase name="testDeleteUser" classname="com.backend.foodProject.FoodProjectRepositoryTests" time="0.006"/>
  <testcase name="testGetUserById" classname="com.backend.foodProject.FoodProjectRepositoryTests" time="0.004"/>
  <testcase name="testGetFoodById" classname="com.backend.foodProject.FoodProjectRepositoryTests" time="0.005"/>
  <testcase name="testDeleteUserNotFound" classname="com.backend.foodProject.FoodProjectRepositoryTests" time="0.016"/>
</testsuite>